<?xml version="1.0" encoding="UTF-8"?>
<!-- Generated by org.testng.reporters.JUnitReportReporter -->
<testsuite hostname="DESKTOP-9686HG9" failures="0" tests="3" name="socialMedia.MySpace" time="0.002" errors="0" timestamp="2020-06-23T23:27:48 EDT" skipped="0">
  <testcase classname="socialMedia.MySpace" name="Test3" time="0.001"/>
  <system-out/>
  <testcase classname="socialMedia.MySpace" name="Test1" time="0.001"/>
  <system-out/>
  <testcase classname="socialMedia.MySpace" name="Test2" time="0.000"/>
  <system-out/>
</testsuite> <!-- socialMedia.MySpace -->
