<?xml version="1.0" encoding="UTF-8"?>
<!-- Generated by org.testng.reporters.JUnitReportReporter -->
<testsuite hostname="DESKTOP-9686HG9" failures="0" tests="3" name="socialMedia.Twitter" time="0.013" errors="0" timestamp="2020-06-23T23:27:48 EDT" skipped="0">
  <testcase classname="socialMedia.Twitter" name="LoginTest4" time="0.001"/>
  <system-out/>
  <testcase classname="socialMedia.Twitter" name="LoginTest2" time="0.011"/>
  <system-out/>
  <testcase classname="socialMedia.Twitter" name="LoginTest3" time="0.001"/>
  <system-out/>
</testsuite> <!-- socialMedia.Twitter -->
