<?xml version="1.0" encoding="UTF-8"?>
<!-- Generated by org.testng.reporters.JUnitReportReporter -->
<testsuite hostname="DESKTOP-9686HG9" failures="0" tests="4" name="socialMedia.FaceBook" time="0.010" errors="0" timestamp="2020-06-28T02:54:30 EDT" skipped="0">
  <testcase classname="socialMedia.FaceBook" name="test3" time="0.001"/>
  <system-out/>
  <testcase classname="socialMedia.FaceBook" name="test1" time="0.007"/>
  <system-out/>
  <testcase classname="socialMedia.FaceBook" name="test2" time="0.001"/>
  <system-out/>
  <testcase classname="socialMedia.FaceBook" name="test4" time="0.001"/>
  <system-out/>
</testsuite> <!-- socialMedia.FaceBook -->
