<?xml version="1.0" encoding="UTF-8"?>
<!-- Generated by org.testng.reporters.JUnitReportReporter -->
<testsuite hostname="DESKTOP-9686HG9" failures="0" tests="4" name="socialMedia.FaceBook" time="0.003" errors="0" timestamp="2020-06-19T00:15:22 EDT" skipped="0">
  <testcase classname="socialMedia.FaceBook" name="test1" time="0.003"/>
  <system-out/>
  <testcase classname="socialMedia.FaceBook" name="test3" time="0.000"/>
  <system-out/>
  <testcase classname="socialMedia.FaceBook" name="test2" time="0.000"/>
  <system-out/>
  <testcase classname="socialMedia.FaceBook" name="test4" time="0.000"/>
  <system-out/>
</testsuite> <!-- socialMedia.FaceBook -->
