<?xml version="1.0" encoding="UTF-8"?>
<!-- Generated by org.testng.reporters.JUnitReportReporter -->
<testsuite hostname="DESKTOP-9686HG9" failures="0" tests="3" name="socialMedia.Twitter" time="0.000" errors="0" timestamp="2020-06-28T02:58:11 EDT" skipped="0">
  <testcase classname="socialMedia.Twitter" name="LoginTest2" time="0.000"/>
  <system-out/>
  <testcase classname="socialMedia.Twitter" name="LoginTest4" time="0.000"/>
  <system-out/>
  <testcase classname="socialMedia.Twitter" name="LoginTest3" time="0.000"/>
  <system-out/>
</testsuite> <!-- socialMedia.Twitter -->
